2026-04-09 17:34:41 [[32minfo[39m]: [offerService] SQLite database opened at C:\Users\Tsion\Documents\tour-dispatch-bot\database\dispatch.db
2026-04-09 17:34:41 [[32minfo[39m]: [schedulerService] Starting scheduler (poll every 300s)
2026-04-09 17:34:41 [[32minfo[39m]: [app] 🚀 tour-dispatch-bot listening on port 3000
2026-04-09 17:40:16 [[32minfo[39m]: [offerService] SQLite database opened at C:\Users\Tsion\Documents\tour-dispatch-bot\database\dispatch.db
2026-04-09 17:40:16 [[32minfo[39m]: [schedulerService] Starting scheduler (poll every 300s)
2026-04-09 17:40:16 [[32minfo[39m]: [app] 🚀 tour-dispatch-bot listening on port 3000
2026-04-09 17:45:54 [[32minfo[39m]: [offerService] SQLite database opened at C:\Users\Tsion\Documents\tour-dispatch-bot\database\dispatch.db
2026-04-09 17:45:54 [[32minfo[39m]: [schedulerService] Starting scheduler (poll every 300s)
2026-04-09 17:45:54 [[32minfo[39m]: [app] 🚀 tour-dispatch-bot listening on port 3000
2026-04-09 17:49:36 [[32minfo[39m]: [offerService] SQLite database opened at C:\Users\Tsion\Documents\tour-dispatch-bot\database\dispatch.db
2026-04-09 17:49:36 [[32minfo[39m]: [schedulerService] Starting scheduler (poll every 300s)
2026-04-09 17:49:36 [[32minfo[39m]: [app] 🚀 tour-dispatch-bot listening on port 3000
2026-04-09 17:53:20 [[32minfo[39m]: [offerService] SQLite database opened at C:\Users\Tsion\Documents\tour-dispatch-bot\database\dispatch.db
2026-04-09 17:53:20 [[32minfo[39m]: [schedulerService] Starting scheduler (poll every 300s)
2026-04-09 17:53:20 [[32minfo[39m]: [app] 🚀 tour-dispatch-bot listening on port 3000
2026-04-09 17:53:40 [[32minfo[39m]: [offerService] SQLite database opened at C:\Users\Tsion\Documents\tour-dispatch-bot\database\dispatch.db
2026-04-09 17:53:40 [[32minfo[39m]: [schedulerService] Starting scheduler (poll every 300s)
2026-04-09 17:53:40 [[32minfo[39m]: [app] 🚀 tour-dispatch-bot listening on port 3000
2026-04-09 17:58:40 [[32minfo[39m]: [schedulerService] Running scheduler cycle
2026-04-09 18:01:27 [[32minfo[39m]: [offerService] SQLite database opened at C:\Users\Tsion\Documents\tour-dispatch-bot\database\dispatch.db
2026-04-09 18:01:27 [[32minfo[39m]: [schedulerService] Starting scheduler (poll every 300s)
2026-04-09 18:01:27 [[32minfo[39m]: [app] 🚀 tour-dispatch-bot listening on port 3000
2026-04-09 18:03:31 [[32minfo[39m]: [offerService] SQLite database opened at C:\Users\Tsion\Documents\tour-dispatch-bot\database\dispatch.db
2026-04-09 18:03:31 [[32minfo[39m]: [schedulerService] Starting scheduler (poll every 300s)
2026-04-09 18:03:31 [[32minfo[39m]: [app] 🚀 tour-dispatch-bot listening on port 3000
2026-04-09 18:08:31 [[32minfo[39m]: [schedulerService] Running scheduler cycle
2026-04-09 23:16:40 [[32minfo[39m]: [offerService] SQLite database opened at C:\Users\Tsion\Documents\tour-dispatch-bot\database\dispatch.db
2026-04-09 23:16:40 [[32minfo[39m]: [schedulerService] Starting scheduler (poll every 300s)
2026-04-09 23:16:40 [[32minfo[39m]: [app] 🚀 tour-dispatch-bot listening on port 3000
2026-04-09 23:21:40 [[32minfo[39m]: [schedulerService] Running scheduler cycle
2026-04-09 23:33:44 [[32minfo[39m]: [offerService] SQLite database opened at C:\Users\Tsion\Documents\tour-dispatch-bot\database\dispatch.db
2026-04-09 23:33:44 [[32minfo[39m]: [schedulerService] Starting scheduler (poll every 300s)
2026-04-09 23:33:44 [[32minfo[39m]: [app] 🚀 tour-dispatch-bot listening on port 3000
2026-04-09 23:38:44 [[32minfo[39m]: [schedulerService] Running scheduler cycle
2026-04-09 23:38:44 [[32minfo[39m]: [schedulerService] No expired offers found
2026-04-09 23:43:44 [[32minfo[39m]: [schedulerService] Running scheduler cycle
2026-04-09 23:43:44 [[32minfo[39m]: [schedulerService] No expired offers found
2026-04-09 23:48:44 [[32minfo[39m]: [schedulerService] Running scheduler cycle
2026-04-09 23:48:44 [[32minfo[39m]: [schedulerService] No expired offers found
2026-04-09 23:53:44 [[32minfo[39m]: [schedulerService] Running scheduler cycle
2026-04-09 23:53:44 [[32minfo[39m]: [schedulerService] No expired offers found
2026-04-09 23:58:44 [[32minfo[39m]: [schedulerService] Running scheduler cycle
2026-04-09 23:58:44 [[32minfo[39m]: [schedulerService] No expired offers found
2026-04-09 23:59:24 [[32minfo[39m]: [slackInteractions] Guide undefined accepted offer test-offer-001 for tour test-tour-001
2026-04-09 23:59:24 [[33mwarn[39m]: [slackInteractions] Offer test-offer-001 is no longer pending — ignoring accept
2026-04-09 23:59:24 [[32minfo[39m]: [slackService] Marking offer superseded for user U0ARED834HM, ts=1775770444.010059
2026-04-10 00:01:36 [[32minfo[39m]: [offerService] SQLite database opened at C:\Users\Tsion\Documents\tour-dispatch-bot\database\dispatch.db
2026-04-10 00:01:36 [[32minfo[39m]: [schedulerService] Starting scheduler (poll every 300s)
2026-04-10 00:01:36 [[32minfo[39m]: [app] 🚀 tour-dispatch-bot listening on port 3000
2026-04-10 00:01:43 [[32minfo[39m]: [slackInteractions] Guide undefined declined offer test-offer-001 for tour test-tour-001
2026-04-10 00:01:43 [[33mwarn[39m]: [slackInteractions] Offer test-offer-001 is no longer pending — ignoring decline
2026-04-10 00:02:01 [[32minfo[39m]: [slackInteractions] Guide undefined declined offer test-offer-001 for tour test-tour-001
2026-04-10 00:02:01 [[33mwarn[39m]: [slackInteractions] Offer test-offer-001 is no longer pending — ignoring decline
2026-04-10 00:02:18 [[32minfo[39m]: [slackInteractions] Guide undefined accepted offer test-offer-001 for tour test-tour-001
2026-04-10 00:02:18 [[33mwarn[39m]: [slackInteractions] Offer test-offer-001 is no longer pending — ignoring accept
2026-04-10 00:02:18 [[32minfo[39m]: [slackService] Marking offer superseded for user U0ARED834HM, ts=1775772099.090009
2026-04-10 00:06:36 [[32minfo[39m]: [schedulerService] Running scheduler cycle
2026-04-10 00:06:36 [[32minfo[39m]: [schedulerService] No expired offers found
2026-04-10 00:11:36 [[32minfo[39m]: [schedulerService] Running scheduler cycle
2026-04-10 00:11:36 [[32minfo[39m]: [schedulerService] No expired offers found
2026-04-10 00:14:13 [[32minfo[39m]: [offerService] SQLite database opened at C:\Users\Tsion\Documents\tour-dispatch-bot\database\dispatch.db
2026-04-10 00:14:13 [[32minfo[39m]: [schedulerService] Starting scheduler (poll every 300s)
2026-04-10 00:14:13 [[32minfo[39m]: [app] 🚀 tour-dispatch-bot listening on port 3000
2026-04-10 00:22:50 [[32minfo[39m]: [offerService] SQLite database opened at C:\Users\Tsion\Documents\tour-dispatch-bot\database\dispatch.db
2026-04-10 00:22:50 [[32minfo[39m]: [schedulerService] Starting scheduler (poll every 300s)
2026-04-10 00:22:51 [[32minfo[39m]: [app] 🚀 tour-dispatch-bot listening on port 3000
2026-04-10 00:22:54 [[32minfo[39m]: [offerService] Created offer 1 for tour test-tour-001 → guide test-guide-001
2026-04-10 00:23:05 [[32minfo[39m]: [slackInteractions] Guide test-guide-001 accepted offer 1 for tour test-tour-001
2026-04-10 00:23:05 [[32minfo[39m]: [offerService] Offer 1 resolved as "accepted"
2026-04-10 00:23:05 [[32minfo[39m]: [offerService] Superseded 0 pending offer(s) for tour test-tour-001
2026-04-10 00:23:05 [[32minfo[39m]: [mondayService] Updating tour test-tour-001 fields: {"assignedGuideId":"test-guide-001","status":"Assigned"}
2026-04-10 00:23:05 [[32minfo[39m]: [slackService] Notifying admin channel: ✅ *Tour Assigned*
Tour ID *test-tour-001* has been accepted by guide <@U0ARED834HM>.
2026-04-10 00:25:21 [[32minfo[39m]: [offerService] SQLite database opened at C:\Users\Tsion\Documents\tour-dispatch-bot\database\dispatch.db
2026-04-10 00:25:21 [[32minfo[39m]: [schedulerService] Starting scheduler (poll every 300s)
2026-04-10 00:25:21 [[32minfo[39m]: [app] 🚀 tour-dispatch-bot listening on port 3000
2026-04-10 00:25:21 [[32minfo[39m]: [offerService] Created offer 2 for tour test-tour-001 → guide test-guide-001
2026-04-10 00:25:29 [[32minfo[39m]: [slackInteractions] Guide test-guide-001 declined offer 2 for tour test-tour-001
2026-04-10 00:25:29 [[32minfo[39m]: [offerService] Offer 2 resolved as "declined"
2026-04-10 00:25:29 [[32minfo[39m]: [schedulerService] Advancing dispatch for tour test-tour-001
2026-04-10 00:25:29 [[32minfo[39m]: [mondayService] Fetching tour item test-tour-001
2026-04-10 00:25:29 [[32minfo[39m]: [guideSelectionService] Evaluating candidates for tour test-tour-001
2026-04-10 00:25:29 [[32minfo[39m]: [mondayService] Fetching all active guides
2026-04-10 00:25:29 [[32minfo[39m]: [mondayService] Fetching guides with cancellations this month
2026-04-10 00:25:29 [[32minfo[39m]: [mondayService] Fetching availability for guide guide_001
2026-04-10 00:25:29 [[32minfo[39m]: [mondayService] Fetching assigned tours for guide guide_001
2026-04-10 00:25:29 [[32minfo[39m]: [mondayService] Fetching availability for guide guide_002
2026-04-10 00:25:29 [[32minfo[39m]: [mondayService] Fetching assigned tours for guide guide_002
2026-04-10 00:25:29 [[32minfo[39m]: [guideSelectionService] Found 2 eligible guide(s) for tour test-tour-001
2026-04-10 00:25:29 [[32minfo[39m]: [offerService] Created offer 3 for tour test-tour-001 → guide guide_001
2026-04-10 00:25:29 [[32minfo[39m]: [slackService] Sending offer to guide Alice Romano (U00000001) for tour test-tour-001
2026-04-10 00:25:29 [[31merror[39m]: Error: An API error occurred: user_not_found
    at platformErrorFromResult (C:\Users\Tsion\Documents\tour-dispatch-bot\node_modules\@slack\web-api\src\errors.ts:119:5)
    at WebClient.apiCall (C:\Users\Tsion\Documents\tour-dispatch-bot\node_modules\@slack\web-api\src\WebClient.ts:405:36)
    at processTicksAndRejections (node:internal/process/task_queues:104:5)
    at async sendOfferToGuide (C:\Users\Tsion\Documents\tour-dispatch-bot\src\services\slackService.ts:47:22)
    at async advanceDispatchForTour (C:\Users\Tsion\Documents\tour-dispatch-bot\src\services\schedulerService.ts:109:38)
    at async handleDecline (C:\Users\Tsion\Documents\tour-dispatch-bot\src\routes\slackInteractions.ts:180:3)
    at async C:\Users\Tsion\Documents\tour-dispatch-bot\src\app.ts:75:3
    at async Array.<anonymous> (C:\Users\Tsion\Documents\tour-dispatch-bot\node_modules\@slack\bolt\src\middleware\builtin.ts:223:5)
    at async Array.onlyActions (C:\Users\Tsion\Documents\tour-dispatch-bot\node_modules\@slack\bolt\src\middleware\builtin.ts:78:5)
    at async Promise.allSettled (index 1)
2026-04-13 13:57:19 [[32minfo[39m]: [offerService] SQLite database opened at C:\Users\Tsion\Documents\tour-dispatch-bot\database\dispatch.db
2026-04-13 13:57:19 [[32minfo[39m]: [schedulerService] Starting scheduler (poll every 300s)
2026-04-13 13:57:19 [[32minfo[39m]: [app] 🚀 tour-dispatch-bot listening on port 3000
2026-04-13 14:02:19 [[32minfo[39m]: [schedulerService] Running scheduler cycle
2026-04-13 14:02:19 [[32minfo[39m]: [schedulerService] Found 1 expired offer(s)
2026-04-13 14:02:19 [[32minfo[39m]: [offerService] Offer 3 resolved as "expired"
2026-04-13 14:02:19 [[32minfo[39m]: [schedulerService] Advancing dispatch for tour undefined
2026-04-13 14:02:19 [[32minfo[39m]: [mondayService] Fetching tour item undefined
2026-04-13 14:02:19 [[32minfo[39m]: [guideSelectionService] Evaluating candidates for tour undefined
2026-04-13 14:02:19 [[32minfo[39m]: [mondayService] Fetching all active guides
2026-04-13 14:02:19 [[32minfo[39m]: [mondayService] Fetching guides with cancellations this month
2026-04-13 14:02:19 [[32minfo[39m]: [mondayService] Fetching availability for guide guide_001
2026-04-13 14:02:19 [[32minfo[39m]: [mondayService] Fetching assigned tours for guide guide_001
2026-04-13 14:02:19 [[32minfo[39m]: [mondayService] Fetching availability for guide guide_002
2026-04-13 14:02:19 [[32minfo[39m]: [mondayService] Fetching assigned tours for guide guide_002
2026-04-13 14:02:19 [[32minfo[39m]: [guideSelectionService] Found 2 eligible guide(s) for tour undefined
2026-04-13 14:02:19 [[31merror[39m]: SqliteError: NOT NULL constraint failed: offers.tour_id
    at createOffer (C:\Users\Tsion\Documents\tour-dispatch-bot\src\services\offerService.ts:85:23)
    at advanceDispatchForTour (C:\Users\Tsion\Documents\tour-dispatch-bot\src\services\schedulerService.ts:106:32)
    at processTicksAndRejections (node:internal/process/task_queues:104:5)
    at async Timeout.runSchedulerCycle [as _onTimeout] (C:\Users\Tsion\Documents\tour-dispatch-bot\src\services\schedulerService.ts:72:5)
2026-04-13 14:07:19 [[32minfo[39m]: [schedulerService] Running scheduler cycle
2026-04-13 14:07:19 [[32minfo[39m]: [schedulerService] No expired offers found
2026-04-13 14:12:19 [[32minfo[39m]: [schedulerService] Running scheduler cycle
2026-04-13 14:12:19 [[32minfo[39m]: [schedulerService] No expired offers found
2026-04-13 14:17:19 [[32minfo[39m]: [schedulerService] Running scheduler cycle
2026-04-13 14:17:19 [[32minfo[39m]: [schedulerService] No expired offers found
2026-04-13 14:22:19 [[32minfo[39m]: [schedulerService] Running scheduler cycle
2026-04-13 14:22:19 [[32minfo[39m]: [schedulerService] No expired offers found
2026-04-13 14:27:19 [[32minfo[39m]: [schedulerService] Running scheduler cycle
2026-04-13 14:27:19 [[32minfo[39m]: [schedulerService] No expired offers found
2026-04-13 14:32:19 [[32minfo[39m]: [schedulerService] Running scheduler cycle
2026-04-13 14:32:19 [[32minfo[39m]: [schedulerService] No expired offers found
2026-04-13 14:37:19 [[32minfo[39m]: [schedulerService] Running scheduler cycle
2026-04-13 14:37:19 [[32minfo[39m]: [schedulerService] No expired offers found
2026-04-13 14:42:19 [[32minfo[39m]: [schedulerService] Running scheduler cycle
2026-04-13 14:42:19 [[32minfo[39m]: [schedulerService] No expired offers found
2026-04-13 14:47:19 [[32minfo[39m]: [schedulerService] Running scheduler cycle
2026-04-13 14:47:19 [[32minfo[39m]: [schedulerService] No expired offers found
2026-04-13 14:47:51 [[32minfo[39m]: [offerService] Created offer 4 for tour test-tour-001 → guide test-guide-001
2026-04-16 20:13:19 [[32minfo[39m]: [offerService] SQLite database opened at C:\Users\Tsion\Documents\tour-dispatch-bot\database\dispatch.db
2026-04-16 20:13:19 [[32minfo[39m]: [schedulerService] Starting scheduler (poll every 300s)
2026-04-16 20:13:19 [[32minfo[39m]: [app] 🚀 tour-dispatch-bot listening on port 3000
2026-04-16 20:13:19 [[32minfo[39m]: [offerService] Created offer 5 for tour test-tour-001 → guide test-guide-001
2026-04-16 20:18:19 [[32minfo[39m]: [schedulerService] Running scheduler cycle
2026-04-16 20:18:19 [[32minfo[39m]: [schedulerService] Found 1 expired offer(s)
2026-04-16 20:18:19 [[32minfo[39m]: [offerService] Offer 4 resolved as "expired"
2026-04-16 20:18:19 [[32minfo[39m]: [schedulerService] Advancing dispatch for tour undefined
2026-04-16 20:18:19 [[32minfo[39m]: [mondayService] Fetching tour item undefined
2026-04-16 20:18:19 [[32minfo[39m]: [guideSelectionService] Evaluating candidates for tour undefined
2026-04-16 20:18:19 [[32minfo[39m]: [mondayService] Fetching all active guides
2026-04-16 20:18:19 [[32minfo[39m]: [mondayService] Fetching guides with cancellations this month
2026-04-16 20:18:19 [[32minfo[39m]: [mondayService] Fetching availability for guide guide_001
2026-04-16 20:18:19 [[32minfo[39m]: [mondayService] Fetching assigned tours for guide guide_001
2026-04-16 20:18:19 [[32minfo[39m]: [mondayService] Fetching availability for guide guide_002
2026-04-16 20:18:19 [[32minfo[39m]: [mondayService] Fetching assigned tours for guide guide_002
2026-04-16 20:18:19 [[32minfo[39m]: [guideSelectionService] Found 2 eligible guide(s) for tour undefined
2026-04-16 20:18:19 [[31merror[39m]: SqliteError: NOT NULL constraint failed: offers.tour_id
    at createOffer (C:\Users\Tsion\Documents\tour-dispatch-bot\src\services\offerService.ts:85:23)
    at advanceDispatchForTour (C:\Users\Tsion\Documents\tour-dispatch-bot\src\services\schedulerService.ts:106:32)
    at processTicksAndRejections (node:internal/process/task_queues:104:5)
    at async Timeout.runSchedulerCycle [as _onTimeout] (C:\Users\Tsion\Documents\tour-dispatch-bot\src\services\schedulerService.ts:72:5)
2026-04-16 20:18:40 [[32minfo[39m]: [offerService] SQLite database opened at C:\Users\Tsion\Documents\tour-dispatch-bot\database\dispatch.db
2026-04-16 20:18:40 [[32minfo[39m]: [schedulerService] Starting scheduler (poll every 300s)
2026-04-16 20:18:40 [[32minfo[39m]: [app] 🚀 tour-dispatch-bot listening on port 3000
2026-04-16 20:18:40 [[32minfo[39m]: [offerService] Created offer 6 for tour test-tour-001 → guide test-guide-001
2026-04-16 20:23:40 [[32minfo[39m]: [schedulerService] Running scheduler cycle
2026-04-16 20:23:40 [[32minfo[39m]: [schedulerService] No expired offers found
2026-04-16 20:23:47 [[32minfo[39m]: [slackInteractions] Guide test-guide-001 accepted offer 6 for tour test-tour-001
2026-04-16 20:23:47 [[32minfo[39m]: [offerService] Offer 6 resolved as "accepted"
2026-04-16 20:23:48 [[32minfo[39m]: [offerService] Superseded 1 pending offer(s) for tour test-tour-001
2026-04-16 20:23:48 [[32minfo[39m]: [mondayService] Updating tour test-tour-001 fields: {"assignedGuideId":"test-guide-001","status":"Assigned"}
2026-04-16 20:23:48 [[32minfo[39m]: [slackService] Notifying admin channel: ✅ *Tour Assigned*
Tour ID *test-tour-001* has been accepted by guide <@U0ARED834HM>.
2026-04-16 20:28:40 [[32minfo[39m]: [schedulerService] Running scheduler cycle
2026-04-16 20:28:40 [[32minfo[39m]: [schedulerService] No expired offers found
2026-04-16 20:33:40 [[32minfo[39m]: [schedulerService] Running scheduler cycle
2026-04-16 20:33:40 [[32minfo[39m]: [schedulerService] No expired offers found
2026-04-16 20:38:40 [[32minfo[39m]: [schedulerService] Running scheduler cycle
2026-04-16 20:38:40 [[32minfo[39m]: [schedulerService] No expired offers found
2026-04-16 21:10:53 [[32minfo[39m]: [offerService] SQLite database opened at C:\Users\Tsion\Documents\tour-dispatch-bot\database\dispatch.db
2026-04-16 21:10:53 [[32minfo[39m]: [schedulerService] Starting scheduler (poll every 300s)
2026-04-16 21:10:53 [[32minfo[39m]: [app] 🚀 tour-dispatch-bot listening on port 3000
2026-04-16 21:13:24 [[32minfo[39m]: [offerService] SQLite database opened at C:\Users\Tsion\Documents\tour-dispatch-bot\database\dispatch.db
2026-04-16 21:13:24 [[32minfo[39m]: [schedulerService] Starting scheduler (poll every 300s)
2026-04-16 21:13:24 [[32minfo[39m]: [app] 🚀 tour-dispatch-bot listening on port 3000
2026-04-16 21:13:36 [[32minfo[39m]: [offerService] Created offer 7 for tour test-tour-001 → guide test-guide-001
2026-04-16 21:13:36 [[32minfo[39m]: [offerService] Dispatch opened for tour test-tour-001: 1 offer(s), mode=manual_selection
2026-04-16 21:13:41 [[32minfo[39m]: [slackInteractions] Guide test-guide-001 declining offer 7 for tour test-tour-001
2026-04-16 21:13:41 [[32minfo[39m]: [offerService] Offer 7 resolved as "declined"
2026-04-16 21:13:41 [[32minfo[39m]: [slackService] Confirming decline to guide — tour test-tour-001, ts=1776366815.541069
2026-04-16 21:15:19 [[32minfo[39m]: [offerService] Created offer 8 for tour test-tour-001 → guide test-guide-001
2026-04-16 21:15:19 [[32minfo[39m]: [offerService] Dispatch opened for tour test-tour-001: 1 offer(s), mode=manual_selection
2026-04-16 21:15:26 [[32minfo[39m]: [slackInteractions] Guide test-guide-001 attempting to accept offer 8 for tour test-tour-001
2026-04-16 21:15:26 [[32minfo[39m]: [slackInteractions] Accept rejected for offer 8: dispatch_not_found
2026-04-16 21:15:26 [[32minfo[39m]: [slackService] Notifying guide U0ARED834HM that tour test-tour-001 is already assigned
2026-04-16 21:18:24 [[32minfo[39m]: [schedulerService] Running scheduler cycle
2026-04-16 21:18:24 [[32minfo[39m]: [schedulerService] No expired offers found
2026-04-16 21:23:24 [[32minfo[39m]: [schedulerService] Running scheduler cycle
2026-04-16 21:23:24 [[32minfo[39m]: [schedulerService] No expired offers found
2026-04-16 21:28:24 [[32minfo[39m]: [schedulerService] Running scheduler cycle
2026-04-16 21:28:24 [[32minfo[39m]: [schedulerService] No expired offers found
2026-04-16 21:33:24 [[32minfo[39m]: [schedulerService] Running scheduler cycle
2026-04-16 21:33:24 [[32minfo[39m]: [schedulerService] No expired offers found
2026-04-16 21:38:24 [[32minfo[39m]: [schedulerService] Running scheduler cycle
2026-04-16 21:38:24 [[32minfo[39m]: [schedulerService] No expired offers found
2026-04-16 21:43:24 [[32minfo[39m]: [schedulerService] Running scheduler cycle
2026-04-16 21:43:24 [[32minfo[39m]: [schedulerService] No expired offers found
2026-04-16 21:46:32 [[32minfo[39m]: [offerService] SQLite database opened at C:\Users\Tsion\Documents\tour-dispatch-bot\database\dispatch.db
2026-04-16 21:46:32 [[32minfo[39m]: [schedulerService] Starting scheduler (poll every 300s)
2026-04-16 21:46:32 [[32minfo[39m]: [app] 🚀 tour-dispatch-bot listening on port 3000
2026-04-16 21:48:13 [[32minfo[39m]: [offerService] SQLite database opened at C:\Users\Tsion\Documents\tour-dispatch-bot\database\dispatch.db
2026-04-16 21:48:13 [[32minfo[39m]: [schedulerService] Starting scheduler (poll every 300s)
2026-04-16 21:48:13 [[32minfo[39m]: [app] 🚀 tour-dispatch-bot listening on port 3000
2026-04-16 21:50:56 [[32minfo[39m]: [offerService] SQLite database opened at C:\Users\Tsion\Documents\tour-dispatch-bot\database\dispatch.db
2026-04-16 21:50:56 [[32minfo[39m]: [schedulerService] Starting scheduler (poll every 300s)
2026-04-16 21:50:56 [[32minfo[39m]: [app] 🚀 tour-dispatch-bot listening on port 3000
2026-04-16 21:51:30 [[32minfo[39m]: [offerService] SQLite database opened at C:\Users\Tsion\Documents\tour-dispatch-bot\database\dispatch.db
2026-04-16 21:51:30 [[32minfo[39m]: [schedulerService] Starting scheduler (poll every 300s)
2026-04-16 21:51:30 [[32minfo[39m]: [app] 🚀 tour-dispatch-bot listening on port 3000
2026-04-16 21:56:30 [[32minfo[39m]: [schedulerService] Running scheduler cycle
2026-04-16 21:56:30 [[32minfo[39m]: [schedulerService] No expired offers found
2026-04-16 22:01:30 [[32minfo[39m]: [schedulerService] Running scheduler cycle
2026-04-16 22:01:30 [[32minfo[39m]: [schedulerService] No expired offers found
2026-04-16 22:06:30 [[32minfo[39m]: [schedulerService] Running scheduler cycle
2026-04-16 22:06:30 [[32minfo[39m]: [schedulerService] No expired offers found
2026-04-16 22:11:30 [[32minfo[39m]: [schedulerService] Running scheduler cycle
2026-04-16 22:11:30 [[32minfo[39m]: [schedulerService] No expired offers found
2026-04-16 22:16:30 [[32minfo[39m]: [schedulerService] Running scheduler cycle
2026-04-16 22:16:30 [[32minfo[39m]: [schedulerService] Found 1 expired offer(s)
2026-04-16 22:16:30 [[32minfo[39m]: [offerService] Offer 8 resolved as "expired"
2026-04-16 22:16:30 [[32minfo[39m]: [schedulerService] Marked offer 8 (tour undefined, guide undefined) as expired
2026-04-16 22:16:30 [[33mwarn[39m]: [schedulerService] All offers for tour undefined expired/declined with no acceptance — cancelling dispatch
2026-04-16 22:16:30 [[32minfo[39m]: [offerService] Dispatch cancelled for tour undefined
2026-04-16 22:16:30 [[32minfo[39m]: [mondayService] Updating tour undefined fields: {"status":"Manual Review"}
2026-04-16 22:16:30 [[32minfo[39m]: [slackService] Notifying admin channel
2026-04-16 22:19:24 [[32minfo[39m]: [offerService] SQLite database opened at C:\Users\Tsion\Documents\tour-dispatch-bot\database\dispatch.db
2026-04-16 22:19:24 [[32minfo[39m]: [schedulerService] Starting scheduler (poll every 300s)
2026-04-16 22:19:24 [[32minfo[39m]: [app] 🚀 tour-dispatch-bot listening on port 3000
2026-04-16 22:24:24 [[32minfo[39m]: [schedulerService] Running scheduler cycle
2026-04-16 22:24:24 [[32minfo[39m]: [schedulerService] No expired offers found
2026-04-16 22:29:24 [[32minfo[39m]: [schedulerService] Running scheduler cycle
2026-04-16 22:29:24 [[32minfo[39m]: [schedulerService] No expired offers found
2026-04-16 22:34:24 [[32minfo[39m]: [schedulerService] Running scheduler cycle
2026-04-16 22:34:24 [[32minfo[39m]: [schedulerService] No expired offers found
2026-04-16 22:39:24 [[32minfo[39m]: [schedulerService] Running scheduler cycle
2026-04-16 22:39:24 [[32minfo[39m]: [schedulerService] No expired offers found
2026-04-16 22:44:24 [[32minfo[39m]: [schedulerService] Running scheduler cycle
2026-04-16 22:44:24 [[32minfo[39m]: [schedulerService] No expired offers found
2026-04-16 22:49:24 [[32minfo[39m]: [schedulerService] Running scheduler cycle
2026-04-16 22:49:24 [[32minfo[39m]: [schedulerService] No expired offers found
2026-04-16 22:53:21 [[32minfo[39m]: [offerService] SQLite database opened at C:\Users\Tsion\Documents\tour-dispatch-bot\database\dispatch.db
2026-04-16 22:53:21 [[32minfo[39m]: [schedulerService] Starting scheduler (poll every 300s)
2026-04-16 22:53:21 [[32minfo[39m]: [app] 🚀 tour-dispatch-bot listening on port 3000
2026-04-16 22:56:35 [[32minfo[39m]: [mondayWebhook] Received monday.com challenge — responding
2026-04-16 22:58:21 [[32minfo[39m]: [schedulerService] Running scheduler cycle
2026-04-16 22:58:21 [[32minfo[39m]: [schedulerService] No expired offers found
2026-04-16 23:03:21 [[32minfo[39m]: [schedulerService] Running scheduler cycle
2026-04-16 23:03:21 [[32minfo[39m]: [schedulerService] No expired offers found
2026-04-16 23:08:21 [[32minfo[39m]: [schedulerService] Running scheduler cycle
2026-04-16 23:08:21 [[32minfo[39m]: [schedulerService] No expired offers found
2026-04-16 23:09:29 [[32minfo[39m]: [mondayWebhook] Received monday.com challenge — responding
2026-04-16 23:13:21 [[32minfo[39m]: [schedulerService] Running scheduler cycle
2026-04-16 23:13:21 [[32minfo[39m]: [schedulerService] No expired offers found
2026-04-16 23:18:21 [[32minfo[39m]: [schedulerService] Running scheduler cycle
2026-04-16 23:18:21 [[32minfo[39m]: [schedulerService] No expired offers found
2026-04-16 23:23:21 [[32minfo[39m]: [schedulerService] Running scheduler cycle
2026-04-16 23:23:21 [[32minfo[39m]: [schedulerService] No expired offers found
2026-04-16 23:28:21 [[32minfo[39m]: [schedulerService] Running scheduler cycle
2026-04-16 23:28:21 [[32minfo[39m]: [schedulerService] No expired offers found
2026-04-16 23:29:04 [[33mwarn[39m]: [mondayWebhook] No x-monday-signature header present
2026-04-16 23:29:04 [[33mwarn[39m]: [mondayWebhook] Invalid signature — rejecting request
